[Info  - 02:04:35.791] Starting TS Server 
[Info  - 02:04:35.791] Using tsserver from: /home/vagrant/.vscode-server/bin/cd9ea6488829f560dc949a8b2fb789f3cdc05f5d/extensions/node_modules/typescript/lib
[Info  - 02:04:35.804] <syntax> Forking...
[Info  - 02:04:35.822] <syntax> Starting...
[Info  - 02:04:35.825] <semantic> Forking...
[Info  - 02:04:35.835] <semantic> Starting...
[Info  - 02:08:16.728] TSServer exited
[Info  - 02:08:16.731] Starting TS Server 
[Info  - 02:08:16.731] Using tsserver from: /home/vagrant/.vscode-server/bin/cd9ea6488829f560dc949a8b2fb789f3cdc05f5d/extensions/node_modules/typescript/lib
[Info  - 02:08:16.944] <syntax> Forking...
[Info  - 02:08:17.188] <syntax> Starting...
[Info  - 02:08:17.190] <semantic> Forking...
[Info  - 02:08:17.199] <semantic> Starting...
[Info  - 03:06:15.748] TSServer exited
[Info  - 03:06:15.752] Starting TS Server 
[Info  - 03:06:15.753] Using tsserver from: /home/vagrant/.vscode-server/bin/cd9ea6488829f560dc949a8b2fb789f3cdc05f5d/extensions/node_modules/typescript/lib
[Info  - 03:06:15.786] <syntax> Forking...
[Info  - 03:06:16.291] <syntax> Starting...
[Info  - 03:06:16.333] <semantic> Forking...
[Info  - 03:06:16.375] <semantic> Starting...
[Info  - 03:12:39.830] TSServer exited
[Info  - 03:12:39.837] Starting TS Server 
[Info  - 03:12:39.837] Using tsserver from: /home/vagrant/.vscode-server/bin/cd9ea6488829f560dc949a8b2fb789f3cdc05f5d/extensions/node_modules/typescript/lib
[Info  - 03:12:39.869] <syntax> Forking...
[Info  - 03:12:39.957] <syntax> Starting...
[Info  - 03:12:39.960] <semantic> Forking...
[Info  - 03:12:39.974] <semantic> Starting...
