[2020-07-19 04:55:19.535] [exthost] [info] extension host started
[2020-07-19 04:55:19.920] [exthost] [info] ExtensionService#_doActivateExtension vscode.typescript-language-features {"startup":false,"extensionId":{"value":"vscode.typescript-language-features","_lower":"vscode.typescript-language-features"},"activationEvent":"onLanguage:javascript"}
[2020-07-19 04:55:19.927] [exthost] [info] ExtensionService#loadCommonJSModule file:///home/vagrant/.vscode-server/bin/17299e413d5590b14ab0340ea477cdd86ff13daf/extensions/typescript-language-features/dist/extension
[2020-07-19 04:55:20.034] [exthost] [info] ExtensionService#_doActivateExtension vscode.debug-auto-launch {"startup":true,"extensionId":{"value":"vscode.debug-auto-launch","_lower":"vscode.debug-auto-launch"},"activationEvent":"*"}
[2020-07-19 04:55:20.035] [exthost] [info] ExtensionService#loadCommonJSModule file:///home/vagrant/.vscode-server/bin/17299e413d5590b14ab0340ea477cdd86ff13daf/extensions/debug-auto-launch/dist/extension
[2020-07-19 04:55:20.043] [exthost] [info] ExtensionService#_doActivateExtension vscode.emmet {"startup":true,"extensionId":{"value":"vscode.emmet","_lower":"vscode.emmet"},"activationEvent":"*"}
[2020-07-19 04:55:20.043] [exthost] [info] ExtensionService#loadCommonJSModule file:///home/vagrant/.vscode-server/bin/17299e413d5590b14ab0340ea477cdd86ff13daf/extensions/emmet/dist/extension
[2020-07-19 04:55:20.096] [exthost] [info] ExtensionService#_doActivateExtension vscode.git {"startup":true,"extensionId":{"value":"vscode.github","_lower":"vscode.github"},"activationEvent":"*"}
[2020-07-19 04:55:20.097] [exthost] [info] ExtensionService#loadCommonJSModule file:///home/vagrant/.vscode-server/bin/17299e413d5590b14ab0340ea477cdd86ff13daf/extensions/git/dist/main
[2020-07-19 04:55:20.291] [exthost] [info] ExtensionService#_doActivateExtension vscode.github-authentication {"startup":true,"extensionId":{"value":"vscode.github-authentication","_lower":"vscode.github-authentication"},"activationEvent":"*"}
[2020-07-19 04:55:20.292] [exthost] [info] ExtensionService#loadCommonJSModule file:///home/vagrant/.vscode-server/bin/17299e413d5590b14ab0340ea477cdd86ff13daf/extensions/github-authentication/dist/extension.js
[2020-07-19 04:55:20.336] [exthost] [info] ExtensionService#_doActivateExtension vscode.merge-conflict {"startup":true,"extensionId":{"value":"vscode.merge-conflict","_lower":"vscode.merge-conflict"},"activationEvent":"*"}
[2020-07-19 04:55:20.336] [exthost] [info] ExtensionService#loadCommonJSModule file:///home/vagrant/.vscode-server/bin/17299e413d5590b14ab0340ea477cdd86ff13daf/extensions/merge-conflict/dist/mergeConflictMain
[2020-07-19 04:55:20.343] [exthost] [info] ExtensionService#_doActivateExtension vscode.microsoft-authentication {"startup":true,"extensionId":{"value":"vscode.microsoft-authentication","_lower":"vscode.microsoft-authentication"},"activationEvent":"*"}
[2020-07-19 04:55:20.343] [exthost] [info] ExtensionService#loadCommonJSModule file:///home/vagrant/.vscode-server/bin/17299e413d5590b14ab0340ea477cdd86ff13daf/extensions/microsoft-authentication/dist/extension.js
[2020-07-19 04:55:20.379] [exthost] [info] ExtensionService#_doActivateExtension vscode.search-result {"startup":true,"extensionId":{"value":"vscode.search-result","_lower":"vscode.search-result"},"activationEvent":"*"}
[2020-07-19 04:55:20.379] [exthost] [info] ExtensionService#loadCommonJSModule file:///home/vagrant/.vscode-server/bin/17299e413d5590b14ab0340ea477cdd86ff13daf/extensions/search-result/dist/extension.js
[2020-07-19 04:55:20.393] [exthost] [info] ExtensionService#_doActivateExtension donjayamanne.githistory {"startup":true,"extensionId":{"value":"donjayamanne.githistory","_lower":"donjayamanne.githistory"},"activationEvent":"*"}
[2020-07-19 04:55:20.393] [exthost] [info] ExtensionService#loadCommonJSModule file:///home/vagrant/.vscode-server/extensions/donjayamanne.githistory-0.6.8/dist/src/extension
[2020-07-19 04:55:20.905] [exthost] [info] ExtensionService#_doActivateExtension eamodio.gitlens {"startup":true,"extensionId":{"value":"eamodio.gitlens","_lower":"eamodio.gitlens"},"activationEvent":"*"}
[2020-07-19 04:55:20.905] [exthost] [info] ExtensionService#loadCommonJSModule file:///home/vagrant/.vscode-server/extensions/eamodio.gitlens-10.2.2/dist/extension
[2020-07-19 04:55:21.419] [exthost] [info] ExtensionService#_doActivateExtension vscode.npm {"startup":true,"extensionId":{"value":"vscode.npm","_lower":"vscode.npm"},"activationEvent":"workspaceContains:package.json"}
[2020-07-19 04:55:21.419] [exthost] [info] ExtensionService#loadCommonJSModule file:///home/vagrant/.vscode-server/bin/17299e413d5590b14ab0340ea477cdd86ff13daf/extensions/npm/dist/npmMain
[2020-07-19 04:55:24.047] [exthost] [info] Extension 'eamodio.gitlens' uses a document selector without scheme. Learn more about this: https://go.microsoft.com/fwlink/?linkid=872305
[2020-07-19 04:55:24.277] [exthost] [info] ExtensionService#_doActivateExtension vscode.github {"startup":true,"extensionId":{"value":"vscode.github","_lower":"vscode.github"},"activationEvent":"*"}
[2020-07-19 04:55:24.282] [exthost] [info] ExtensionService#loadCommonJSModule file:///home/vagrant/.vscode-server/bin/17299e413d5590b14ab0340ea477cdd86ff13daf/extensions/github/dist/extension.js
[2020-07-19 04:55:24.913] [exthost] [info] eager extensions activated
[2020-07-19 05:00:08.699] [exthost] [info] ExtensionService#_doActivateExtension vscode.extension-editing {"startup":false,"extensionId":{"value":"vscode.extension-editing","_lower":"vscode.extension-editing"},"activationEvent":"onLanguage:typescript"}
[2020-07-19 05:00:08.701] [exthost] [info] ExtensionService#loadCommonJSModule file:///home/vagrant/.vscode-server/bin/17299e413d5590b14ab0340ea477cdd86ff13daf/extensions/extension-editing/dist/extension
[2020-07-19 05:09:27.130] [exthost] [info] ExtensionService#_doActivateExtension ms-azuretools.vscode-docker {"startup":false,"extensionId":{"value":"ms-azuretools.vscode-docker","_lower":"ms-azuretools.vscode-docker"},"activationEvent":"onView:dockerContainers"}
[2020-07-19 05:09:27.132] [exthost] [info] ExtensionService#loadCommonJSModule file:///home/vagrant/.vscode-server/extensions/ms-azuretools.vscode-docker-1.3.1/main
[2020-07-19 05:18:14.135] [exthost] [info] ExtensionService#_doActivateExtension yoko0180.vscode-git-quick-commit {"startup":false,"extensionId":{"value":"yoko0180.vscode-git-quick-commit","_lower":"yoko0180.vscode-git-quick-commit"},"activationEvent":"onCommand:vscode-git-quick-commit.selectionCommentGitCommit"}
[2020-07-19 05:18:14.136] [exthost] [info] ExtensionService#loadCommonJSModule file:///home/vagrant/.vscode-server/extensions/yoko0180.vscode-git-quick-commit-0.0.1/out/extension.js
