git shortlog -e -s -n HEAD  (completed in 0.034s)
git remote show sx -n  (completed in 0.09s)
git remote show sd -n  (completed in 0.112s)
git remote show origin -n  (completed in 0.131s)
git remote show lb -n  (completed in 0.148s)
git remote show lab-6 -n  (completed in 0.167s)
git remote show github -n  (completed in 0.197s)
git remote show Remot -n  (completed in 0.211s)
git remote show Lab_ -n  (completed in 0.222s)
git remote show Lab-5 -n  (completed in 0.235s)
git remote show Carlos_F_Vaccaro_Laboratorio5.git -n  (completed in 0.256s)
git log --full-history --pretty=oneline --date-order --decorate=full --skip=0 --max-count=100 git-remote-add-origin-git@github.com-2020-SEMI-DESIX-G1/carlos_vaccaro_laboratorio_6.git --  (completed in 0.277s)
git rev-list --full-history --count git-remote-add-origin-git@github.com-2020-SEMI-DESIX-G1/carlos_vaccaro_laboratorio_6.git --  (completed in 0.339s)
git rev-list --author=CAFAVARO  --full-history --count git-remote-add-origin-git@github.com-2020-SEMI-DESIX-G1/carlos_vaccaro_laboratorio_6.git --  (completed in 0.043s)
git log --author=CAFAVARO  --full-history --pretty=oneline --date-order --decorate=full --skip=0 --max-count=100 git-remote-add-origin-git@github.com-2020-SEMI-DESIX-G1/carlos_vaccaro_laboratorio_6.git --  (completed in 0.031s)
git rev-list --author=CAFAVARO  --full-history --count git-remote-add-origin-git@github.com-2020-SEMI-DESIX-G1/carlos_vaccaro_laboratorio_6.git --  (completed in 0.037s)
git log --author=CAFAVARO  --full-history --pretty=oneline --date-order --decorate=full --skip=0 --max-count=100 git-remote-add-origin-git@github.com-2020-SEMI-DESIX-G1/carlos_vaccaro_laboratorio_6.git --  (completed in 0.025s)
git show --pretty=oneline --decorate=full --numstat 63a8be476a61627b9c5c07a116191ac5c2c87b19  (completed in 0.035s)
git show --name-status --pretty=oneline -M --first-parent 63a8be476a61627b9c5c07a116191ac5c2c87b19  (completed in 0.018s)
git show --pretty=oneline --decorate=full --numstat 63a8be476a61627b9c5c07a116191ac5c2c87b19  (completed in 0.067s)
git show --name-status --pretty=oneline -M --first-parent 63a8be476a61627b9c5c07a116191ac5c2c87b19  (completed in 0.019s)
git show --pretty=oneline --decorate=full --numstat 63a8be476a61627b9c5c07a116191ac5c2c87b19  (completed in 0.021s)
git show --name-status --pretty=oneline -M --first-parent 63a8be476a61627b9c5c07a116191ac5c2c87b19  (completed in 0.035s)
git show --pretty=oneline --decorate=full --numstat 63a8be476a61627b9c5c07a116191ac5c2c87b19  (completed in 0.105s)
git show --name-status --pretty=oneline -M --first-parent 63a8be476a61627b9c5c07a116191ac5c2c87b19  (completed in 0.18s)
git show --pretty=oneline --decorate=full --numstat 63a8be476a61627b9c5c07a116191ac5c2c87b19  (completed in 0.143s)
git show --name-status --pretty=oneline -M --first-parent 63a8be476a61627b9c5c07a116191ac5c2c87b19  (completed in 0.073s)
git show --pretty=oneline --decorate=full --numstat 63a8be476a61627b9c5c07a116191ac5c2c87b19  (completed in 0.073s)
git show --name-status --pretty=oneline -M --first-parent 63a8be476a61627b9c5c07a116191ac5c2c87b19  (completed in 0.058s)
git show --pretty=oneline --decorate=full --numstat a0e304e7cb26d73c8198dfdd20281fc0cfaf0e04  (completed in 6.086s)
git show --pretty=oneline --decorate=full --numstat a0e304e7cb26d73c8198dfdd20281fc0cfaf0e04  (completed in 6.521s)
git show --pretty=oneline --decorate=full --numstat 63a8be476a61627b9c5c07a116191ac5c2c87b19  (completed in 0.226s)
git show --name-status --pretty=oneline -M --first-parent 63a8be476a61627b9c5c07a116191ac5c2c87b19  (completed in 0.216s)
git show --pretty=oneline --decorate=full --numstat a0e304e7cb26d73c8198dfdd20281fc0cfaf0e04  (completed in 8.606s)
git show --pretty=oneline --decorate=full --numstat a0e304e7cb26d73c8198dfdd20281fc0cfaf0e04  (completed in 8.931s)
git show --pretty=oneline --decorate=full --numstat a0e304e7cb26d73c8198dfdd20281fc0cfaf0e04  (completed in 9.394s)
git show --pretty=oneline --decorate=full --numstat a0e304e7cb26d73c8198dfdd20281fc0cfaf0e04  (completed in 9.226s)
git show --name-status --pretty=oneline -M --first-parent a0e304e7cb26d73c8198dfdd20281fc0cfaf0e04  (completed in 5.472s)
git show --name-status --pretty=oneline -M --first-parent a0e304e7cb26d73c8198dfdd20281fc0cfaf0e04  (completed in 5.554s)
git show --pretty=oneline --decorate=full --numstat a0e304e7cb26d73c8198dfdd20281fc0cfaf0e04  (completed in 9.301s)
git show --name-status --pretty=oneline -M --first-parent a0e304e7cb26d73c8198dfdd20281fc0cfaf0e04  (completed in 5.338s)
git show --name-status --pretty=oneline -M --first-parent a0e304e7cb26d73c8198dfdd20281fc0cfaf0e04  (completed in 5.634s)
git show --name-status --pretty=oneline -M --first-parent a0e304e7cb26d73c8198dfdd20281fc0cfaf0e04  (completed in 4.699s)
git show --name-status --pretty=oneline -M --first-parent a0e304e7cb26d73c8198dfdd20281fc0cfaf0e04  (completed in 4.831s)
git show --name-status --pretty=oneline -M --first-parent a0e304e7cb26d73c8198dfdd20281fc0cfaf0e04  (completed in 3.672s)
git remote show sd -n  (completed in 0.111s)
git remote show origin -n  (completed in 0.153s)
git remote show lb -n  (completed in 0.174s)
git remote show lab-6 -n  (completed in 0.2s)
git remote show github -n  (completed in 0.238s)
git remote show Remot -n  (completed in 0.285s)
git remote show Lab_ -n  (completed in 0.305s)
git remote show Lab-5 -n  (completed in 0.323s)
git remote show Carlos_F_Vaccaro_Laboratorio5.git -n  (completed in 0.341s)
git rev-list --full-history --count git-remote-add-origin-git@github.com-2020-SEMI-DESIX-G1/carlos_vaccaro_laboratorio_6.git -- README.md  (completed in 0.387s)
git shortlog -e -s -n HEAD  (completed in 0.043s)
git remote show sx -n  (completed in 0.134s)
git log --full-history --pretty=oneline --date-order --decorate=full --skip=0 --max-count=100 git-remote-add-origin-git@github.com-2020-SEMI-DESIX-G1/carlos_vaccaro_laboratorio_6.git --follow -- README.md  (completed in 0.617s)
